<?xml version="1.0" encoding="UTF-8"?>
<testng-results ignored="0" total="1" passed="1" failed="0" skipped="0">
  <reporter-output>
  </reporter-output>
  <suite started-at="2019-12-02T02:03:55 EST" name="Surefire suite" finished-at="2019-12-02T02:04:24 EST" duration-ms="29155">
    <groups>
    </groups>
    <test started-at="2019-12-02T02:03:55 EST" name="Surefire test" finished-at="2019-12-02T02:04:24 EST" duration-ms="29155">
      <class name="cloud.stadiumgoods.stage.PositiveTests1a">
        <test-method signature="loginTest()[pri:0, instance:cloud.stadiumgoods.stage.PositiveTests1a@80169cf]" started-at="2019-12-02T02:03:55 EST" name="loginTest" finished-at="2019-12-02T02:04:24 EST" duration-ms="29128" status="PASS">
          <reporter-output>
          </reporter-output>
        </test-method> <!-- loginTest -->
      </class> <!-- cloud.stadiumgoods.stage.PositiveTests1a -->
    </test> <!-- Surefire test -->
  </suite> <!-- Surefire suite -->
</testng-results>
